Sentry listening on port 8009!
{ token: 'x8c9v1b2' }
{ session: null }
events.js:174
      throw er; // Unhandled 'error' event
      ^

Error: listen EADDRINUSE: address already in use :::8009
    at Server.setupListenHandle [as _listen2] (net.js:1258:14)
    at listenInCluster (net.js:1306:12)
    at Server.listen (net.js:1394:7)
    at Function.listen (/Users/Samparsky/Sites/nodejs/adex-validator-stack-test/stack/node_modules/express/lib/application.js:618:24)
    at /Users/Samparsky/Sites/nodejs/adex-validator-stack-test/stack/bin/sentry.js:35:6
    at process.internalTickCallback (internal/process/next_tick.js:77:7)
Emitted 'error' event at:
    at emitErrorNT (net.js:1285:8)
    at process.internalTickCallback (internal/process/next_tick.js:72:19)
{ token: 'x8c9v1b2' }
{ session: null }
db mongo name
awesomeLeader
events.js:174
      throw er; // Unhandled 'error' event
      ^

Error: listen EADDRINUSE: address already in use :::8009
    at Server.setupListenHandle [as _listen2] (net.js:1258:14)
    at listenInCluster (net.js:1306:12)
    at Server.listen (net.js:1394:7)
    at Function.listen (/Users/Samparsky/Sites/nodejs/adex-validator-stack-test/stack/node_modules/express/lib/application.js:618:24)
    at /Users/Samparsky/Sites/nodejs/adex-validator-stack-test/stack/bin/sentry.js:35:6
    at process.internalTickCallback (internal/process/next_tick.js:77:7)
Emitted 'error' event at:
    at emitErrorNT (net.js:1285:8)
    at process.internalTickCallback (internal/process/next_tick.js:72:19)
{ token: 'x8c9v1b2' }
{ session: null }
db mongo name
awesomeLeader
events.js:174
      throw er; // Unhandled 'error' event
      ^

Error: listen EADDRINUSE: address already in use :::8009
    at Server.setupListenHandle [as _listen2] (net.js:1258:14)
    at listenInCluster (net.js:1306:12)
    at Server.listen (net.js:1394:7)
    at Function.listen (/Users/Samparsky/Sites/nodejs/adex-validator-stack-test/stack/node_modules/express/lib/application.js:618:24)
    at /Users/Samparsky/Sites/nodejs/adex-validator-stack-test/stack/bin/sentry.js:35:6
    at process.internalTickCallback (internal/process/next_tick.js:77:7)
Emitted 'error' event at:
    at emitErrorNT (net.js:1285:8)
    at process.internalTickCallback (internal/process/next_tick.js:72:19)
db mongo name
awesomeLeader
Sentry listening on port 8009!
db mongo name
awesomeLeader
events.js:174
      throw er; // Unhandled 'error' event
      ^

Error: listen EADDRINUSE: address already in use :::8009
    at Server.setupListenHandle [as _listen2] (net.js:1258:14)
    at listenInCluster (net.js:1306:12)
    at Server.listen (net.js:1394:7)
    at Function.listen (/Users/Samparsky/Sites/nodejs/adex-validator-stack-test/stack/node_modules/express/lib/application.js:618:24)
    at /Users/Samparsky/Sites/nodejs/adex-validator-stack-test/stack/bin/sentry.js:35:6
    at process.internalTickCallback (internal/process/next_tick.js:77:7)
Emitted 'error' event at:
    at emitErrorNT (net.js:1285:8)
    at process.internalTickCallback (internal/process/next_tick.js:72:19)
{ token: 'x8c9v1b2' }
{ dbName: 'awesomeLeader' }
{ session: null }
db mongo name
awesomeLeader
events.js:174
      throw er; // Unhandled 'error' event
      ^

Error: listen EADDRINUSE: address already in use :::8009
    at Server.setupListenHandle [as _listen2] (net.js:1258:14)
    at listenInCluster (net.js:1306:12)
    at Server.listen (net.js:1394:7)
    at Function.listen (/Users/Samparsky/Sites/nodejs/adex-validator-stack-test/stack/node_modules/express/lib/application.js:618:24)
    at /Users/Samparsky/Sites/nodejs/adex-validator-stack-test/stack/bin/sentry.js:35:6
    at process.internalTickCallback (internal/process/next_tick.js:77:7)
Emitted 'error' event at:
    at emitErrorNT (net.js:1285:8)
    at process.internalTickCallback (internal/process/next_tick.js:72:19)
{ token: 'x8c9v1b2' }
{ dbName: 'awesomeLeader' }
{ session: null }
db mongo name
awesomeLeader
3 {"PORT":"8009","DB_MONGO_URL":"","DB_MONGO_NAME":"awesomeLeader","npm_config_dry_run":"","npm_config_legacy_bundling":"","npm_config_save_dev":"","GREEN":"\u001b[38;5;64m","BOLD":"\u001b[1m","npm_package_gitHead":"bde97573c48706befe85c774b0bb695e43164e44","npm_config_browser":"","npm_config_commit_hooks":"true","npm_config_only":"","npm_config_viewer":"man","npm_config_also":"","TERM_PROGRAM":"vscode","rvm_bin_path":"/Users/Samparsky/.rvm/bin","VIRTUALENVWRAPPER_SCRIPT":"/usr/local/bin/virtualenvwrapper.sh","VIRTUALENVWRAPPER_PROJECT_FILENAME":".project","npm_config_rollback":"true","npm_config_sign_git_commit":"","npm_config_audit":"true","npm_config_usage":"","NODE":"/usr/local/Cellar/node/11.4.0/bin/node","RESET":"\u001b(B\u001b[m","GEM_HOME":"/Users/Samparsky/.rvm/gems/ruby-2.4.0","ANDROID_HOME":"/Users/Samparsky/Library/Android/sdk","npm_package_homepage":"https://github.com/samparsky/adex-validator-stack-test#readme","npm_package_devDependencies_sinon":"^7.2.2","INIT_CWD":"/Users/Samparsky/Sites/nodejs/adex-validator-stack-test","TERM":"xterm-256color","SHELL":"/bin/bash","npm_config_globalignorefile":"/usr/local/etc/npmignore","npm_config_init_author_url":"","npm_config_maxsockets":"50","npm_config_shell":"/bin/bash","IRBRC":"/Users/Samparsky/.rvm/rubies/ruby-2.4.0/.irbrc","TMPDIR":"/var/folders/p4/skv1tp7565n4sbplxtwyy1740000gp/T/","npm_config_metrics_registry":"https://registry.npmjs.org/","npm_config_parseable":"","npm_config_shrinkwrap":"true","Apple_PubSub_Socket_Render":"/private/tmp/com.apple.launchd.pdvc0KFEuP/Render","npm_package_devDependencies_supertest":"^3.3.0","npm_config_init_license":"ISC","npm_config_timing":"","TERM_PROGRAM_VERSION":"1.30.2","npm_package_devDependencies_mongodb_memory_server":"^2.9.1","npm_config_if_present":"","npm_config_cache_max":"Infinity","npm_config_init_author_email":"","npm_config_sign_git_tag":"","MY_RUBY_HOME":"/Users/Samparsky/.rvm/rubies/ruby-2.4.0","npm_package_directories_test":"test","npm_config_cert":"","npm_config_git_tag_version":"true","npm_config_local_address":"","npm_config_long":"","npm_config_preid":"","ORANGE":"\u001b[38;5;166m","npm_config_fetch_retries":"2","npm_config_noproxy":"","npm_config_registry":"https://registry.npmjs.org/","npm_package_repository_url":"git+https://github.com/samparsky/adex-validator-stack-test.git","npm_config_key":"","npm_config_message":"%s","npm_config_versions":"","USER":"Samparsky","npm_package_description":"","npm_package_license":"ISC","_system_type":"Darwin","COMMAND_MODE":"unix2003","npm_config_globalconfig":"/usr/local/etc/npmrc","rvm_path":"/Users/Samparsky/.rvm","npm_config_always_auth":"","npm_config_logs_max":"10","npm_config_prefer_online":"","SSH_AUTH_SOCK":"/private/tmp/com.apple.launchd.W8g0qtZ5uv/Listeners","__CF_USER_TEXT_ENCODING":"0x1F6:0x0:0x0","npm_package_dependencies_node_fetch":"^2.3.0","npm_config_cache_lock_retries":"10","npm_config_global_style":"","npm_execpath":"/usr/local/lib/node_modules/npm/bin/npm-cli.js","npm_config_cafile":"","npm_config_update_notifier":"true","WORKON_HOME":"/Users/Samparsky/.virtualenvs","npm_config_audit_level":"low","npm_config_heading":"npm","rvm_prefix":"/Users/Samparsky","npm_config_fetch_retry_mintimeout":"10000","npm_config_offline":"","npm_config_read_only":"","npm_config_searchlimit":"20","MAGENTA":"\u001b[38;5;125m","PATH":"/usr/local/lib/node_modules/npm/node_modules/npm-lifecycle/node-gyp-bin:/Users/Samparsky/Sites/nodejs/adex-validator-stack-test/node_modules/.bin:/Users/Samparsky/.cargo/bin:/Users/Samparsky/.rvm/gems/ruby-2.4.0/bin:/Users/Samparsky/.rvm/gems/ruby-2.4.0@global/bin:/Users/Samparsky/.rvm/rubies/ruby-2.4.0/bin:/usr/local/mysql/bin:/usr/local/bin:/usr/bin:/bin:/usr/sbin:/sbin:/opt/X11/bin:/Users/Samparsky/.cargo/bin:/Users/Samparsky/.rvm/gems/ruby-2.4.0/bin:/Users/Samparsky/.rvm/gems/ruby-2.4.0@global/bin:/Users/Samparsky/.rvm/rubies/ruby-2.4.0/bin:/usr/local/mysql/bin:/Users/Samparsky/.composer/vendor/bin:/Users/Samparsky/.rvm/bin:/Users/Samparsky/Library/Android/sdk/platform-tools/:/usr/local/sbin:/Users/Samparsky/Sites/golang/bin:/Users/Samparsky/.composer/vendor/bin:/Users/Samparsky/.rvm/bin:/Users/Samparsky/Library/Android/sdk/platform-tools/:/usr/local/sbin:/Users/Samparsky/Sites/golang/bin","npm_config_argv":"{\"remain\":[],\"cooked\":[\"test\"],\"original\":[\"test\"]}","npm_config_access":"","npm_config_json":"","npm_config_allow_same_version":"","VIRTUALENVWRAPPER_HOOK_DIR":"/Users/Samparsky/.virtualenvs","_":"/usr/bin/nohup","npm_package_devDependencies_blue_tape":"^1.0.0","npm_config_description":"true","npm_config_engine_strict":"","npm_config_https_proxy":"","npm_package_author":"","npm_config_init_module":"/Users/Samparsky/.npm-init.js","npm_config_userconfig":"/Users/Samparsky/.npmrc","PWD":"/Users/Samparsky/Sites/nodejs/adex-validator-stack-test","npm_package_dependencies_mongodb":"^3.1.10","npm_config_cidr":"","npm_package_bugs_url":"https://github.com/samparsky/adex-validator-stack-test/issues","npm_config_node_version":"11.4.0","npm_config_user":"","npm_lifecycle_event":"test","LANG":"en_GB.UTF-8","npm_package_name":"adex-validator-stack-test","npm_package_repository_type":"git","npm_config_auth_type":"legacy","npm_config_editor":"vi","npm_config_ignore_prepublish":"","npm_config_save":"true","npm_config_script_shell":"","npm_config_tag":"latest","npm_config_global":"","npm_config_progress":"true","_system_arch":"x86_64","XPC_FLAGS":"0x0","npm_config_ham_it_up":"","npm_config_optional":"true","npm_config_searchstaleness":"900","npm_config_bin_links":"true","npm_config_force":"","npm_config_save_prod":"","_system_version":"10.13","npm_config_searchopts":"","npm_package_main":"index.js","npm_config_depth":"Infinity","npm_config_node_gyp":"/usr/local/lib/node_modules/npm/node_modules/node-gyp/bin/node-gyp.js","XPC_SERVICE_NAME":"0","npm_package_version":"1.0.0","npm_config_rebuild_bundle":"true","npm_config_sso_poll_frequency":"500","rvm_version":"1.28.0 (latest)","npm_config_unicode":"true","SHLVL":"4","HOME":"/Users/Samparsky","PURPLE":"\u001b[38;5;61m","GOROOT":"/usr/local/opt/go/libexec","npm_package_scripts_test":"node test/entity.js","npm_config_fetch_retry_maxtimeout":"60000","npm_config_ca":"","npm_config_loglevel":"notice","npm_config_save_prefix":"^","npm_config_scripts_prepend_node_path":"warn-only","npm_config_sso_type":"oauth","npm_config_strict_ssl":"true","npm_config_tag_version_prefix":"v","npm_config_dev":"","npm_config_fetch_retry_factor":"10","npm_config_group":"20","npm_config_save_exact":"","npm_config_cache_lock_stale":"60000","npm_config_prefer_offline":"","npm_config_version":"","npm_config_cache_min":"10","npm_config_otp":"","LOGNAME":"Samparsky","npm_config_cache":"/Users/Samparsky/.npm","npm_config_searchexclude":"","npm_config_color":"true","npm_lifecycle_script":"node test/entity.js","GEM_PATH":"/Users/Samparsky/.rvm/gems/ruby-2.4.0:/Users/Samparsky/.rvm/gems/ruby-2.4.0@global","npm_config_package_lock":"true","npm_config_proxy":"","npm_config_package_lock_only":"","GOPATH":"/Users/Samparsky/Sites/golang","npm_config_save_optional":"","VIRTUALENVWRAPPER_WORKON_CD":"1","npm_config_user_agent":"npm/6.4.1 node/v11.4.0 darwin x64","npm_config_ignore_scripts":"","npm_config_cache_lock_wait":"10000","DISPLAY":"/private/tmp/com.apple.launchd.ZsYj83OpkN/org.macosforge.xquartz:0","npm_config_production":"","npm_config_save_bundle":"","npm_config_send_metrics":"","npm_config_init_version":"1.0.0","npm_config_node_options":"","npm_config_umask":"0022","RUBY_VERSION":"ruby-2.4.0","npm_config_scope":"","npm_config_git":"git","npm_config_init_author_name":"","_system_name":"OSX","npm_config_onload_script":"","npm_config_tmp":"/var/folders/p4/skv1tp7565n4sbplxtwyy1740000gp/T","npm_config_unsafe_perm":"true","WHITE":"\u001b[38;5;244m","npm_config_prefix":"/usr/local","npm_config_link":"","npm_node_execpath":"/usr/local/Cellar/node/11.4.0/bin/node"}
{ token: 'x8c9v1b2' }
{ dbName: 'awesomeLeader' }
{ session: null }
events.js:174
      throw er; // Unhandled 'error' event
      ^

Error: listen EADDRINUSE: address already in use :::8009
    at Server.setupListenHandle [as _listen2] (net.js:1258:14)
    at listenInCluster (net.js:1306:12)
    at Server.listen (net.js:1394:7)
    at Function.listen (/Users/Samparsky/Sites/nodejs/adex-validator-stack-test/stack/node_modules/express/lib/application.js:618:24)
    at /Users/Samparsky/Sites/nodejs/adex-validator-stack-test/stack/bin/sentry.js:35:6
    at process.internalTickCallback (internal/process/next_tick.js:77:7)
Emitted 'error' event at:
    at emitErrorNT (net.js:1285:8)
    at process.internalTickCallback (internal/process/next_tick.js:72:19)
Sentry listening on port 8009!
{ token: 'x8c9v1b2' }
{ dbName: 'awesomeLeader' }
{ session: { _id: 'x8c9v1b2', uid: 'awesomeTestUser' } }
{ dbName: 'awesomeLeader' }
events.js:174
      throw er; // Unhandled 'error' event
      ^

Error: listen EADDRINUSE: address already in use :::8009
    at Server.setupListenHandle [as _listen2] (net.js:1258:14)
    at listenInCluster (net.js:1306:12)
    at Server.listen (net.js:1394:7)
    at Function.listen (/Users/Samparsky/Sites/nodejs/adex-validator-stack-test/stack/node_modules/express/lib/application.js:618:24)
    at /Users/Samparsky/Sites/nodejs/adex-validator-stack-test/stack/bin/sentry.js:35:6
    at process.internalTickCallback (internal/process/next_tick.js:77:7)
Emitted 'error' event at:
    at emitErrorNT (net.js:1285:8)
    at process.internalTickCallback (internal/process/next_tick.js:72:19)
{ token: 'x8c9v1b2' }
{ dbName: 'awesomeLeader' }
{ session: { _id: 'x8c9v1b2', uid: 'awesomeTestUser' } }
{ dbName: 'awesomeLeader' }
{ dbName: 'awesomeLeader' }
sentry: channel awesomeTestChannel: event aggregate produced, events for 1 users
events.js:174
      throw er; // Unhandled 'error' event
      ^

Error: listen EADDRINUSE: address already in use :::8005
    at Server.setupListenHandle [as _listen2] (net.js:1258:14)
    at listenInCluster (net.js:1306:12)
    at Server.listen (net.js:1394:7)
    at Function.listen (/Users/Samparsky/Sites/nodejs/adex-validator-stack-test/stack/node_modules/express/lib/application.js:618:24)
    at /Users/Samparsky/Sites/nodejs/adex-validator-stack-test/stack/bin/sentry.js:35:6
    at process.internalTickCallback (internal/process/next_tick.js:77:7)
Emitted 'error' event at:
    at emitErrorNT (net.js:1285:8)
    at process.internalTickCallback (internal/process/next_tick.js:72:19)
events.js:174
      throw er; // Unhandled 'error' event
      ^

Error: listen EADDRINUSE: address already in use :::8005
    at Server.setupListenHandle [as _listen2] (net.js:1258:14)
    at listenInCluster (net.js:1306:12)
    at Server.listen (net.js:1394:7)
    at Function.listen (/Users/Samparsky/Sites/nodejs/adex-validator-stack-test/stack/node_modules/express/lib/application.js:618:24)
    at /Users/Samparsky/Sites/nodejs/adex-validator-stack-test/stack/bin/sentry.js:35:6
    at process.internalTickCallback (internal/process/next_tick.js:77:7)
Emitted 'error' event at:
    at emitErrorNT (net.js:1285:8)
    at process.internalTickCallback (internal/process/next_tick.js:72:19)
events.js:174
      throw er; // Unhandled 'error' event
      ^

Error: listen EADDRINUSE: address already in use :::8005
    at Server.setupListenHandle [as _listen2] (net.js:1258:14)
    at listenInCluster (net.js:1306:12)
    at Server.listen (net.js:1394:7)
    at Function.listen (/Users/Samparsky/Sites/nodejs/adex-validator-stack-test/stack/node_modules/express/lib/application.js:618:24)
    at /Users/Samparsky/Sites/nodejs/adex-validator-stack-test/stack/bin/sentry.js:35:6
    at process.internalTickCallback (internal/process/next_tick.js:77:7)
Emitted 'error' event at:
    at emitErrorNT (net.js:1285:8)
    at process.internalTickCallback (internal/process/next_tick.js:72:19)
Sentry listening on port 8006!
{ token: 'x8c9v1b2' }
{ dbName: 'awesomeFollower' }
{ session: { _id: 'x8c9v1b2', uid: 'awesomeTestUser' } }
{ dbName: 'awesomeFollower' }
{ dbName: 'awesomeFollower' }
sentry: channel awesomeTestChannel: event aggregate produced, events for 1 users
